<?xml version="1.0" encoding="UTF-8"?>
<!-- Generated by org.testng.reporters.JUnitReportReporter -->
<testsuite skipped="0" hostname="KI-LT-65" name="org.Demo.Test1" tests="1" failures="0" timestamp="03 Dec 2022 09:16:22 GMT" time="0.004" errors="0">
  <testcase name="verifyTest" time="0.004" classname="org.Demo.Test1"/>
</testsuite> <!-- org.Demo.Test1 -->
